Traceback (most recent call last):
  File "C:\Users\wb268970\AppData\Local\anaconda3\envs\modelflow\Lib\site-packages\jupyter_cache\executors\utils.py", line 58, in single_nb_execution
    executenb(
  File "C:\Users\wb268970\AppData\Local\anaconda3\envs\modelflow\Lib\site-packages\nbclient\client.py", line 1314, in execute
    return NotebookClient(nb=nb, resources=resources, km=km, **kwargs).execute()
           ^^^^^^^^^^^^^^^^^^^^^^^^^^^^^^^^^^^^^^^^^^^^^^^^^^^^^^^^^^^^^^^^^^^^^
  File "C:\Users\wb268970\AppData\Local\anaconda3\envs\modelflow\Lib\site-packages\jupyter_core\utils\__init__.py", line 165, in wrapped
    return loop.run_until_complete(inner)
           ^^^^^^^^^^^^^^^^^^^^^^^^^^^^^^
  File "C:\Users\wb268970\AppData\Local\anaconda3\envs\modelflow\Lib\asyncio\base_events.py", line 687, in run_until_complete
    return future.result()
           ^^^^^^^^^^^^^^^
  File "C:\Users\wb268970\AppData\Local\anaconda3\envs\modelflow\Lib\site-packages\nbclient\client.py", line 709, in async_execute
    await self.async_execute_cell(
  File "C:\Users\wb268970\AppData\Local\anaconda3\envs\modelflow\Lib\site-packages\nbclient\client.py", line 1062, in async_execute_cell
    await self._check_raise_for_error(cell, cell_index, exec_reply)
  File "C:\Users\wb268970\AppData\Local\anaconda3\envs\modelflow\Lib\site-packages\nbclient\client.py", line 918, in _check_raise_for_error
    raise CellExecutionError.from_cell_and_msg(cell, exec_reply_content)
nbclient.exceptions.CellExecutionError: An error occurred while executing the following cell:
------------------
mpak.PAKNECONPRVTKN.tracepre(png=latex,size=(2,4));
------------------

----- stdout -----
Error in generation graph picture:
This program is blocked by group policy. For more information, contact your system administrator.

Perhaps it is already open - then close the application
Error in generation graph picture:
This program is blocked by group policy. For more information, contact your system administrator.

Perhaps it is already open - then close the application
------------------

[1;31m---------------------------------------------------------------------------[0m
[1;31mFileNotFoundError[0m                         Traceback (most recent call last)
Cell [1;32mIn[26], line 1[0m
[1;32m----> 1[0m [43mmpak[49m[38;5;241;43m.[39;49m[43mPAKNECONPRVTKN[49m[38;5;241;43m.[39;49m[43mtracepre[49m[43m([49m[43mpng[49m[38;5;241;43m=[39;49m[43mlatex[49m[43m,[49m[43msize[49m[38;5;241;43m=[39;49m[43m([49m[38;5;241;43m2[39;49m[43m,[49m[38;5;241;43m4[39;49m[43m)[49m[43m)[49m;

File [1;32m~\AppData\Local\anaconda3\envs\ModelFlow\Lib\site-packages\ModelFlow-1.0.8-py3.10.egg\modelvis.py:566[0m, in [0;36mvarvis.tracepre[1;34m(self, up, **kwargs)[0m
[0;32m    548[0m      [38;5;28;01mdef[39;00m [38;5;21mtracepre[39m([38;5;28mself[39m,up[38;5;241m=[39m[38;5;241m1[39m,[38;5;241m*[39m[38;5;241m*[39mkwargs):
[0;32m    549[0m [38;5;250m       [39m[38;5;124;03m'''Trace dependensies of name down to level down[39;00m
[0;32m    550[0m [38;5;124;03m - `showdata|sd=True` will include a table of values for each variable [39;00m
[0;32m    551[0m [38;5;124;03m - `showdata|sd='pattern of variable names'` will include a table of values for each variable matching the pattern (including wildcharts[39;00m
[1;32m   (...)[0m
[0;32m    564[0m [38;5;124;03mTo allow the use of the display in presentations or publications The resulting file(s) are placed in the graph/subfolder [39;00m
[0;32m    565[0m [38;5;124;03m       '''[39;00m
[1;32m--> 566[0m        [38;5;28;43mself[39;49m[38;5;241;43m.[39;49m[43mmodel[49m[38;5;241;43m.[39;49m[43mdraw[49m[43m([49m[38;5;28;43mself[39;49m[38;5;241;43m.[39;49m[43mvar[49m[43m,[49m[43mdown[49m[38;5;241;43m=[39;49m[38;5;241;43m0[39;49m[43m,[49m[43mup[49m[38;5;241;43m=[39;49m[43mup[49m[43m,[49m[43msink[49m[38;5;241;43m=[39;49m[38;5;28;43mself[39;49m[38;5;241;43m.[39;49m[43mvar[49m[43m,[49m[38;5;241;43m*[39;49m[38;5;241;43m*[39;49m[43mkwargs[49m[43m)[49m

File [1;32m~\AppData\Local\anaconda3\envs\ModelFlow\Lib\site-packages\ModelFlow-1.0.8-py3.10.egg\modelclass.py:3765[0m, in [0;36mGraph_Draw_Mixin.draw[1;34m(self, navn, down, up, lag, endo, filter, **kwargs)[0m
[0;32m   3762[0m downlinks [38;5;241m=[39m (node([38;5;241m-[39mlevel, navn, parent) [38;5;28;01mfor[39;00m level, parent, navn [38;5;129;01min[39;00m
[0;32m   3763[0m              [38;5;28mself[39m[38;5;241m.[39mupwalk(graph, navn[38;5;241m.[39mupper(), maxlevel[38;5;241m=[39mdown, lpre[38;5;241m=[39m[38;5;28;01mFalse[39;00m,[38;5;28mfilter[39m[38;5;241m=[39m[38;5;28mfilter[39m))
[0;32m   3764[0m alllinks [38;5;241m=[39m chain(uplinks, downlinks)
[1;32m-> 3765[0m [38;5;28;01mreturn[39;00m [38;5;28;43mself[39;49m[38;5;241;43m.[39;49m[43mtodot2[49m[43m([49m[43malllinks[49m[43m,[49m[43m [49m[43mnavn[49m[38;5;241;43m=[39;49m[43mnavn[49m[38;5;241;43m.[39;49m[43mupper[49m[43m([49m[43m)[49m[43m,[49m[43m [49m[43mdown[49m[38;5;241;43m=[39;49m[43mdown[49m[43m,[49m[43m [49m[43mup[49m[38;5;241;43m=[39;49m[43mup[49m[43m,[49m[43m [49m[38;5;28;43mfilter[39;49m[43m [49m[38;5;241;43m=[39;49m[43m [49m[38;5;28;43mfilter[39;49m[43m,[49m[43m [49m[38;5;241;43m*[39;49m[38;5;241;43m*[39;49m[43mkwargs[49m[43m)[49m

File [1;32m~\AppData\Local\anaconda3\envs\ModelFlow\Lib\site-packages\ModelFlow-1.0.8-py3.10.egg\modelclass.py:4398[0m, in [0;36mGraph_Draw_Mixin.todot2[1;34m(self, alledges, navn, **kwargs)[0m
[0;32m   4395[0m [38;5;28;01mif[39;00m kwargs[38;5;241m.[39mget([38;5;124m'[39m[38;5;124mdot[39m[38;5;124m'[39m, [38;5;28;01mFalse[39;00m):
[0;32m   4396[0m     [38;5;28;01mreturn[39;00m dot
[1;32m-> 4398[0m [38;5;28;43mself[39;49m[38;5;241;43m.[39;49m[43mdisplay_graph[49m[43m([49m[43mdot[49m[43m,[49m[43m [49m[43mfname[49m[43m,[49m[43m [49m[38;5;241;43m*[39;49m[38;5;241;43m*[39;49m[43mkwargs[49m[43m)[49m
[0;32m   4399[0m [38;5;28;01mreturn[39;00m

File [1;32m~\AppData\Local\anaconda3\envs\ModelFlow\Lib\site-packages\ModelFlow-1.0.8-py3.10.egg\modelclass.py:4504[0m, in [0;36mGraph_Draw_Mixin.display_graph[1;34m(out, fname, **kwargs)[0m
[0;32m   4501[0m         [38;5;66;03m# return[39;00m
[0;32m   4503[0m [38;5;28;01mif[39;00m lpng:
[1;32m-> 4504[0m     display([43mImage[49m[43m([49m[43mfilename[49m[38;5;241;43m=[39;49m[43mpngname[49m[43m)[49m)
[0;32m   4505[0m [38;5;28;01melif[39;00m lpdf:
[0;32m   4506[0m     display(IFrame(pdfname, width[38;5;241m=[39m[38;5;241m1000[39m, height[38;5;241m=[39m[38;5;241m500[39m))

File [1;32m~\AppData\Local\anaconda3\envs\ModelFlow\Lib\site-packages\IPython\core\display.py:970[0m, in [0;36mImage.__init__[1;34m(self, data, url, filename, format, embed, width, height, retina, unconfined, metadata, alt)[0m
[0;32m    968[0m [38;5;28mself[39m[38;5;241m.[39munconfined [38;5;241m=[39m unconfined
[0;32m    969[0m [38;5;28mself[39m[38;5;241m.[39malt [38;5;241m=[39m alt
[1;32m--> 970[0m [38;5;28;43msuper[39;49m[43m([49m[43mImage[49m[43m,[49m[43m [49m[38;5;28;43mself[39;49m[43m)[49m[38;5;241;43m.[39;49m[38;5;21;43m__init__[39;49m[43m([49m[43mdata[49m[38;5;241;43m=[39;49m[43mdata[49m[43m,[49m[43m [49m[43murl[49m[38;5;241;43m=[39;49m[43murl[49m[43m,[49m[43m [49m[43mfilename[49m[38;5;241;43m=[39;49m[43mfilename[49m[43m,[49m
[0;32m    971[0m [43m        [49m[43mmetadata[49m[38;5;241;43m=[39;49m[43mmetadata[49m[43m)[49m
[0;32m    973[0m [38;5;28;01mif[39;00m [38;5;28mself[39m[38;5;241m.[39mwidth [38;5;129;01mis[39;00m [38;5;28;01mNone[39;00m [38;5;129;01mand[39;00m [38;5;28mself[39m[38;5;241m.[39mmetadata[38;5;241m.[39mget([38;5;124m'[39m[38;5;124mwidth[39m[38;5;124m'[39m, {}):
[0;32m    974[0m     [38;5;28mself[39m[38;5;241m.[39mwidth [38;5;241m=[39m metadata[[38;5;124m'[39m[38;5;124mwidth[39m[38;5;124m'[39m]

File [1;32m~\AppData\Local\anaconda3\envs\ModelFlow\Lib\site-packages\IPython\core\display.py:327[0m, in [0;36mDisplayObject.__init__[1;34m(self, data, url, filename, metadata)[0m
[0;32m    324[0m [38;5;28;01melif[39;00m [38;5;28mself[39m[38;5;241m.[39mmetadata [38;5;129;01mis[39;00m [38;5;28;01mNone[39;00m:
[0;32m    325[0m     [38;5;28mself[39m[38;5;241m.[39mmetadata [38;5;241m=[39m {}
[1;32m--> 327[0m [38;5;28;43mself[39;49m[38;5;241;43m.[39;49m[43mreload[49m[43m([49m[43m)[49m
[0;32m    328[0m [38;5;28mself[39m[38;5;241m.[39m_check_data()

File [1;32m~\AppData\Local\anaconda3\envs\ModelFlow\Lib\site-packages\IPython\core\display.py:1005[0m, in [0;36mImage.reload[1;34m(self)[0m
[0;32m   1003[0m [38;5;250m[39m[38;5;124;03m"""Reload the raw data from file or URL."""[39;00m
[0;32m   1004[0m [38;5;28;01mif[39;00m [38;5;28mself[39m[38;5;241m.[39membed:
[1;32m-> 1005[0m     [38;5;28;43msuper[39;49m[43m([49m[43mImage[49m[43m,[49m[38;5;28;43mself[39;49m[43m)[49m[38;5;241;43m.[39;49m[43mreload[49m[43m([49m[43m)[49m
[0;32m   1006[0m     [38;5;28;01mif[39;00m [38;5;28mself[39m[38;5;241m.[39mretina:
[0;32m   1007[0m         [38;5;28mself[39m[38;5;241m.[39m_retina_shape()

File [1;32m~\AppData\Local\anaconda3\envs\ModelFlow\Lib\site-packages\IPython\core\display.py:353[0m, in [0;36mDisplayObject.reload[1;34m(self)[0m
[0;32m    351[0m [38;5;28;01mif[39;00m [38;5;28mself[39m[38;5;241m.[39mfilename [38;5;129;01mis[39;00m [38;5;129;01mnot[39;00m [38;5;28;01mNone[39;00m:
[0;32m    352[0m     encoding [38;5;241m=[39m [38;5;28;01mNone[39;00m [38;5;28;01mif[39;00m [38;5;124m"[39m[38;5;124mb[39m[38;5;124m"[39m [38;5;129;01min[39;00m [38;5;28mself[39m[38;5;241m.[39m_read_flags [38;5;28;01melse[39;00m [38;5;124m"[39m[38;5;124mutf-8[39m[38;5;124m"[39m
[1;32m--> 353[0m     [38;5;28;01mwith[39;00m [38;5;28;43mopen[39;49m[43m([49m[38;5;28;43mself[39;49m[38;5;241;43m.[39;49m[43mfilename[49m[43m,[49m[43m [49m[38;5;28;43mself[39;49m[38;5;241;43m.[39;49m[43m_read_flags[49m[43m,[49m[43m [49m[43mencoding[49m[38;5;241;43m=[39;49m[43mencoding[49m[43m)[49m [38;5;28;01mas[39;00m f:
[0;32m    354[0m         [38;5;28mself[39m[38;5;241m.[39mdata [38;5;241m=[39m f[38;5;241m.[39mread()
[0;32m    355[0m [38;5;28;01melif[39;00m [38;5;28mself[39m[38;5;241m.[39murl [38;5;129;01mis[39;00m [38;5;129;01mnot[39;00m [38;5;28;01mNone[39;00m:
[0;32m    356[0m     [38;5;66;03m# Deferred import[39;00m

[1;31mFileNotFoundError[0m: [Errno 2] No such file or directory: 'graph\\PAKNECONPRVTKN.png'

